<?xml version="1.0" encoding="UTF-8"?>
<coverage generated="1595944049">
  <project timestamp="1595944049">
    <file name="/home/alexey/Dev/Snuggle/Source/Base/Commands/IAssemble.php">
      <metrics loc="10" ncloc="10" classes="0" methods="0" coveredmethods="0" conditionals="0" coveredconditionals="0" statements="0" coveredstatements="0" elements="0" coveredelements="0"/>
    </file>
    <file name="/home/alexey/Dev/Snuggle/Source/Base/Commands/ICmdBulkGet.php">
      <metrics loc="112" ncloc="67" classes="0" methods="0" coveredmethods="0" conditionals="0" coveredconditionals="0" statements="0" coveredstatements="0" elements="0" coveredelements="0"/>
    </file>
    <file name="/home/alexey/Dev/Snuggle/Source/Base/Commands/ICmdBulkInsert.php">
      <metrics loc="56" ncloc="24" classes="0" methods="0" coveredmethods="0" conditionals="0" coveredconditionals="0" statements="0" coveredstatements="0" elements="0" coveredelements="0"/>
    </file>
    <file name="/home/alexey/Dev/Snuggle/Source/Base/Commands/ICmdBulkStore.php">
      <metrics loc="32" ncloc="22" classes="0" methods="0" coveredmethods="0" conditionals="0" coveredconditionals="0" statements="0" coveredstatements="0" elements="0" coveredelements="0"/>
    </file>
    <file name="/home/alexey/Dev/Snuggle/Source/Base/Commands/ICmdDB.php">
      <metrics loc="25" ncloc="21" classes="0" methods="0" coveredmethods="0" conditionals="0" coveredconditionals="0" statements="0" coveredstatements="0" elements="0" coveredelements="0"/>
    </file>
    <file name="/home/alexey/Dev/Snuggle/Source/Base/Commands/ICmdDelete.php">
      <metrics loc="38" ncloc="17" classes="0" methods="0" coveredmethods="0" conditionals="0" coveredconditionals="0" statements="0" coveredstatements="0" elements="0" coveredelements="0"/>
    </file>
    <file name="/home/alexey/Dev/Snuggle/Source/Base/Commands/ICmdDesign.php">
      <metrics loc="25" ncloc="25" classes="0" methods="0" coveredmethods="0" conditionals="0" coveredconditionals="0" statements="0" coveredstatements="0" elements="0" coveredelements="0"/>
    </file>
    <file name="/home/alexey/Dev/Snuggle/Source/Base/Commands/ICmdDirect.php">
      <metrics loc="21" ncloc="21" classes="0" methods="0" coveredmethods="0" conditionals="0" coveredconditionals="0" statements="0" coveredstatements="0" elements="0" coveredelements="0"/>
    </file>
    <file name="/home/alexey/Dev/Snuggle/Source/Base/Commands/ICmdGet.php">
      <metrics loc="43" ncloc="29" classes="0" methods="0" coveredmethods="0" conditionals="0" coveredconditionals="0" statements="0" coveredstatements="0" elements="0" coveredelements="0"/>
    </file>
    <file name="/home/alexey/Dev/Snuggle/Source/Base/Commands/ICmdInsert.php">
      <metrics loc="40" ncloc="15" classes="0" methods="0" coveredmethods="0" conditionals="0" coveredconditionals="0" statements="0" coveredstatements="0" elements="0" coveredelements="0"/>
    </file>
    <file name="/home/alexey/Dev/Snuggle/Source/Base/Commands/ICmdServer.php">
      <metrics loc="20" ncloc="16" classes="0" methods="0" coveredmethods="0" conditionals="0" coveredconditionals="0" statements="0" coveredstatements="0" elements="0" coveredelements="0"/>
    </file>
    <file name="/home/alexey/Dev/Snuggle/Source/Base/Commands/ICmdStore.php">
      <metrics loc="7" ncloc="7" classes="0" methods="0" coveredmethods="0" conditionals="0" coveredconditionals="0" statements="0" coveredstatements="0" elements="0" coveredelements="0"/>
    </file>
    <file name="/home/alexey/Dev/Snuggle/Source/Base/Commands/IDocCommand.php">
      <metrics loc="25" ncloc="11" classes="0" methods="0" coveredmethods="0" conditionals="0" coveredconditionals="0" statements="0" coveredstatements="0" elements="0" coveredelements="0"/>
    </file>
    <file name="/home/alexey/Dev/Snuggle/Source/Base/Commands/IExecute.php">
      <metrics loc="11" ncloc="11" classes="0" methods="0" coveredmethods="0" conditionals="0" coveredconditionals="0" statements="0" coveredstatements="0" elements="0" coveredelements="0"/>
    </file>
    <file name="/home/alexey/Dev/Snuggle/Source/Base/Commands/IQuery.php">
      <metrics loc="11" ncloc="11" classes="0" methods="0" coveredmethods="0" conditionals="0" coveredconditionals="0" statements="0" coveredstatements="0" elements="0" coveredelements="0"/>
    </file>
    <file name="/home/alexey/Dev/Snuggle/Source/Base/Commands/IQueryRevision.php">
      <metrics loc="11" ncloc="7" classes="0" methods="0" coveredmethods="0" conditionals="0" coveredconditionals="0" statements="0" coveredstatements="0" elements="0" coveredelements="0"/>
    </file>
    <file name="/home/alexey/Dev/Snuggle/Source/Base/Commands/IRefreshView.php">
      <metrics loc="37" ncloc="15" classes="0" methods="0" coveredmethods="0" conditionals="0" coveredconditionals="0" statements="0" coveredstatements="0" elements="0" coveredelements="0"/>
    </file>
    <file name="/home/alexey/Dev/Snuggle/Source/Base/Commands/IRevCommand.php">
      <metrics loc="11" ncloc="7" classes="0" methods="0" coveredmethods="0" conditionals="0" coveredconditionals="0" statements="0" coveredstatements="0" elements="0" coveredelements="0"/>
    </file>
    <file name="/home/alexey/Dev/Snuggle/Source/Base/Commands/IStoreConflict.php">
      <metrics loc="45" ncloc="19" classes="0" methods="0" coveredmethods="0" conditionals="0" coveredconditionals="0" statements="0" coveredstatements="0" elements="0" coveredelements="0"/>
    </file>
    <file name="/home/alexey/Dev/Snuggle/Source/Base/Commands/Store/IBulkStoreResult.php">
      <metrics loc="25" ncloc="13" classes="0" methods="0" coveredmethods="0" conditionals="0" coveredconditionals="0" statements="0" coveredstatements="0" elements="0" coveredelements="0"/>
    </file>
    <file name="/home/alexey/Dev/Snuggle/Source/Base/Conflict/Commands/Generic/IGetRevConflictCommand.php">
      <metrics loc="12" ncloc="12" classes="0" methods="0" coveredmethods="0" conditionals="0" coveredconditionals="0" statements="0" coveredstatements="0" elements="0" coveredelements="0"/>
    </file>
    <file name="/home/alexey/Dev/Snuggle/Source/Base/Conflict/Commands/Generic/ISetDocConflictCommand.php">
      <metrics loc="9" ncloc="9" classes="0" methods="0" coveredmethods="0" conditionals="0" coveredconditionals="0" statements="0" coveredstatements="0" elements="0" coveredelements="0"/>
    </file>
    <file name="/home/alexey/Dev/Snuggle/Source/Base/Conflict/Commands/IDeleteConflictCommand.php">
      <metrics loc="10" ncloc="10" classes="0" methods="0" coveredmethods="0" conditionals="0" coveredconditionals="0" statements="0" coveredstatements="0" elements="0" coveredelements="0"/>
    </file>
    <file name="/home/alexey/Dev/Snuggle/Source/Base/Conflict/Commands/IStoreConflictCommand.php">
      <metrics loc="11" ncloc="11" classes="0" methods="0" coveredmethods="0" conditionals="0" coveredconditionals="0" statements="0" coveredstatements="0" elements="0" coveredelements="0"/>
    </file>
    <file name="/home/alexey/Dev/Snuggle/Source/Base/Conflict/IConflictResolutionTemplate.php">
      <metrics loc="14" ncloc="14" classes="0" methods="0" coveredmethods="0" conditionals="0" coveredconditionals="0" statements="0" coveredstatements="0" elements="0" coveredelements="0"/>
    </file>
    <package name="Snuggle\Base\Conflict\Resolvers">
      <file name="/home/alexey/Dev/Snuggle/Source/Base/Conflict/Resolvers/AbstractBulkStoreResolver.php">
        <class name="Snuggle\Base\Conflict\Resolvers\AbstractBulkStoreResolver" namespace="Snuggle\Base\Conflict\Resolvers">
          <metrics complexity="3" methods="0" coveredmethods="0" conditionals="0" coveredconditionals="0" statements="0" coveredstatements="0" elements="0" coveredelements="0"/>
        </class>
        <metrics loc="14" ncloc="14" classes="0" methods="0" coveredmethods="0" conditionals="0" coveredconditionals="0" statements="0" coveredstatements="0" elements="0" coveredelements="0"/>
      </file>
    </package>
    <file name="/home/alexey/Dev/Snuggle/Source/Base/Conflict/Resolvers/Generic/ICallbackResolver.php">
      <metrics loc="7" ncloc="7" classes="0" methods="0" coveredmethods="0" conditionals="0" coveredconditionals="0" statements="0" coveredstatements="0" elements="0" coveredelements="0"/>
    </file>
    <file name="/home/alexey/Dev/Snuggle/Source/Base/Conflict/Resolvers/Generic/IMergeResolver.php">
      <metrics loc="8" ncloc="8" classes="0" methods="0" coveredmethods="0" conditionals="0" coveredconditionals="0" statements="0" coveredstatements="0" elements="0" coveredelements="0"/>
    </file>
    <file name="/home/alexey/Dev/Snuggle/Source/Base/Conflict/Resolvers/Generic/ISimpleResolver.php">
      <metrics loc="9" ncloc="9" classes="0" methods="0" coveredmethods="0" conditionals="0" coveredconditionals="0" statements="0" coveredstatements="0" elements="0" coveredelements="0"/>
    </file>
    <file name="/home/alexey/Dev/Snuggle/Source/Base/Conflict/Resolvers/IBulkStoreResolution.php">
      <metrics loc="18" ncloc="18" classes="0" methods="0" coveredmethods="0" conditionals="0" coveredconditionals="0" statements="0" coveredstatements="0" elements="0" coveredelements="0"/>
    </file>
    <file name="/home/alexey/Dev/Snuggle/Source/Base/Conflict/Resolvers/IDeleteDocResolver.php">
      <metrics loc="18" ncloc="15" classes="0" methods="0" coveredmethods="0" conditionals="0" coveredconditionals="0" statements="0" coveredstatements="0" elements="0" coveredelements="0"/>
    </file>
    <file name="/home/alexey/Dev/Snuggle/Source/Base/Conflict/Resolvers/IStoreDocResolver.php">
      <metrics loc="19" ncloc="16" classes="0" methods="0" coveredmethods="0" conditionals="0" coveredconditionals="0" statements="0" coveredstatements="0" elements="0" coveredelements="0"/>
    </file>
    <file name="/home/alexey/Dev/Snuggle/Source/Base/Connection/IConnectionDecorator.php">
      <metrics loc="10" ncloc="10" classes="0" methods="0" coveredmethods="0" conditionals="0" coveredconditionals="0" statements="0" coveredstatements="0" elements="0" coveredelements="0"/>
    </file>
    <file name="/home/alexey/Dev/Snuggle/Source/Base/Connection/IConnectionDecoratorProducer.php">
      <metrics loc="10" ncloc="10" classes="0" methods="0" coveredmethods="0" conditionals="0" coveredconditionals="0" statements="0" coveredstatements="0" elements="0" coveredelements="0"/>
    </file>
    <file name="/home/alexey/Dev/Snuggle/Source/Base/Connection/Request/IRawRequest.php">
      <metrics loc="15" ncloc="15" classes="0" methods="0" coveredmethods="0" conditionals="0" coveredconditionals="0" statements="0" coveredstatements="0" elements="0" coveredelements="0"/>
    </file>
    <file name="/home/alexey/Dev/Snuggle/Source/Base/Connection/Response/IBody.php">
      <metrics loc="10" ncloc="10" classes="0" methods="0" coveredmethods="0" conditionals="0" coveredconditionals="0" statements="0" coveredstatements="0" elements="0" coveredelements="0"/>
    </file>
    <file name="/home/alexey/Dev/Snuggle/Source/Base/Connection/Response/IRawResponse.php">
      <metrics loc="25" ncloc="25" classes="0" methods="0" coveredmethods="0" conditionals="0" coveredconditionals="0" statements="0" coveredstatements="0" elements="0" coveredelements="0"/>
    </file>
    <file name="/home/alexey/Dev/Snuggle/Source/Base/Core/IMappedObject.php">
      <metrics loc="7" ncloc="7" classes="0" methods="0" coveredmethods="0" conditionals="0" coveredconditionals="0" statements="0" coveredstatements="0" elements="0" coveredelements="0"/>
    </file>
    <file name="/home/alexey/Dev/Snuggle/Source/Base/Factories/ICommandFactory.php">
      <metrics loc="36" ncloc="36" classes="0" methods="0" coveredmethods="0" conditionals="0" coveredconditionals="0" statements="0" coveredstatements="0" elements="0" coveredelements="0"/>
    </file>
    <file name="/home/alexey/Dev/Snuggle/Source/Base/Factories/IConnectionFactory.php">
      <metrics loc="11" ncloc="11" classes="0" methods="0" coveredmethods="0" conditionals="0" coveredconditionals="0" statements="0" coveredstatements="0" elements="0" coveredelements="0"/>
    </file>
    <file name="/home/alexey/Dev/Snuggle/Source/Base/IConfig.php">
      <metrics loc="43" ncloc="22" classes="0" methods="0" coveredmethods="0" conditionals="0" coveredconditionals="0" statements="0" coveredstatements="0" elements="0" coveredelements="0"/>
    </file>
    <file name="/home/alexey/Dev/Snuggle/Source/Base/IConnection.php">
      <metrics loc="17" ncloc="11" classes="0" methods="0" coveredmethods="0" conditionals="0" coveredconditionals="0" statements="0" coveredstatements="0" elements="0" coveredelements="0"/>
    </file>
    <file name="/home/alexey/Dev/Snuggle/Source/Base/IConnector.php">
      <metrics loc="39" ncloc="35" classes="0" methods="0" coveredmethods="0" conditionals="0" coveredconditionals="0" statements="0" coveredstatements="0" elements="0" coveredelements="0"/>
    </file>
    <package name="Snuggle\Commands\Abstraction">
      <file name="/home/alexey/Dev/Snuggle/Source/Commands/Abstraction/TDocCommand.php">
        <class name="TDocCommand" namespace="Snuggle\Commands\Abstraction">
          <metrics complexity="12" methods="7" coveredmethods="4" conditionals="0" coveredconditionals="0" statements="17" coveredstatements="13" elements="24" coveredelements="17"/>
        </class>
        <line num="15" type="method" name="requireDBAndDocID" visibility="private" complexity="3" crap="3.33" count="12"/>
        <line num="17" type="stmt" count="12"/>
        <line num="18" type="stmt" count="0"/>
        <line num="19" type="stmt" count="12"/>
        <line num="22" type="method" name="uri" visibility="protected" complexity="2" crap="2.15" count="15"/>
        <line num="24" type="stmt" count="15"/>
        <line num="25" type="stmt" count="15"/>
        <line num="27" type="stmt" count="0"/>
        <line num="31" type="method" name="getDB" visibility="public" complexity="1" crap="1" count="6"/>
        <line num="33" type="stmt" count="6"/>
        <line num="36" type="method" name="getDocID" visibility="public" complexity="1" crap="1" count="15"/>
        <line num="38" type="stmt" count="15"/>
        <line num="45" type="method" name="from" visibility="public" complexity="1" crap="1" count="15"/>
        <line num="47" type="stmt" count="15"/>
        <line num="48" type="stmt" count="15"/>
        <line num="56" type="method" name="db" visibility="public" complexity="1" crap="2" count="0"/>
        <line num="58" type="stmt" count="0"/>
        <line num="59" type="stmt" count="0"/>
        <line num="67" type="method" name="doc" visibility="public" complexity="3" crap="3" count="15"/>
        <line num="69" type="stmt" count="15"/>
        <line num="71" type="stmt" count="3"/>
        <line num="72" type="stmt" count="3"/>
        <line num="76" type="stmt" count="15"/>
        <line num="79" type="stmt" count="15"/>
        <metrics loc="80" ncloc="66" classes="1" methods="7" coveredmethods="4" conditionals="0" coveredconditionals="0" statements="17" coveredstatements="13" elements="24" coveredelements="17"/>
      </file>
      <file name="/home/alexey/Dev/Snuggle/Source/Commands/Abstraction/TExecuteSafe.php">
        <class name="TExecuteSafe" namespace="Snuggle\Commands\Abstraction">
          <metrics complexity="5" methods="1" coveredmethods="0" conditionals="0" coveredconditionals="0" statements="7" coveredstatements="4" elements="8" coveredelements="4"/>
        </class>
        <line num="11" type="method" name="executeSafe" visibility="public" complexity="5" crap="6.97" count="3"/>
        <line num="15" type="stmt" count="3"/>
        <line num="17" type="stmt" count="3"/>
        <line num="19" type="stmt" count="3"/>
        <line num="20" type="stmt" count="3"/>
        <line num="22" type="stmt" count="0"/>
        <line num="24" type="stmt" count="0"/>
        <line num="25" type="stmt" count="0"/>
        <metrics loc="27" ncloc="27" classes="1" methods="1" coveredmethods="0" conditionals="0" coveredconditionals="0" statements="7" coveredstatements="4" elements="8" coveredelements="4"/>
      </file>
      <file name="/home/alexey/Dev/Snuggle/Source/Commands/Abstraction/TQuery.php">
        <class name="TQuery" namespace="Snuggle\Commands\Abstraction">
          <metrics complexity="9" methods="6" coveredmethods="2" conditionals="0" coveredconditionals="0" statements="10" coveredstatements="2" elements="16" coveredelements="4"/>
        </class>
        <line num="10" type="method" name="executeRequest" visibility="private" complexity="1" crap="1" count="26"/>
        <line num="12" type="stmt" count="26"/>
        <line num="16" type="method" name="queryCode" visibility="public" complexity="2" crap="6" count="0"/>
        <line num="19" type="stmt" count="0"/>
        <line num="21" type="stmt" count="0"/>
        <line num="22" type="stmt" count="0"/>
        <line num="24" type="stmt" count="0"/>
        <line num="27" type="method" name="queryHeaders" visibility="public" complexity="1" crap="2" count="0"/>
        <line num="29" type="stmt" count="0"/>
        <line num="32" type="method" name="queryBody" visibility="public" complexity="2" crap="6" count="0"/>
        <line num="34" type="stmt" count="0"/>
        <line num="37" type="method" name="queryJson" visibility="public" complexity="1" crap="1" count="26"/>
        <line num="39" type="stmt" count="26"/>
        <line num="42" type="method" name="queryBool" visibility="public" complexity="2" crap="6" count="0"/>
        <line num="45" type="stmt" count="0"/>
        <line num="46" type="stmt" count="0"/>
        <metrics loc="47" ncloc="45" classes="1" methods="6" coveredmethods="2" conditionals="0" coveredconditionals="0" statements="10" coveredstatements="2" elements="16" coveredelements="4"/>
      </file>
      <file name="/home/alexey/Dev/Snuggle/Source/Commands/Abstraction/TQueryRevision.php">
        <class name="TQueryRevision" namespace="Snuggle\Commands\Abstraction">
          <metrics complexity="3" methods="1" coveredmethods="0" conditionals="0" coveredconditionals="0" statements="7" coveredstatements="0" elements="8" coveredelements="0"/>
        </class>
        <line num="14" type="method" name="queryRevision" visibility="public" complexity="3" crap="12" count="0"/>
        <line num="16" type="stmt" count="0"/>
        <line num="18" type="stmt" count="0"/>
        <line num="19" type="stmt" count="0"/>
        <line num="21" type="stmt" count="0"/>
        <line num="23" type="stmt" count="0"/>
        <line num="24" type="stmt" count="0"/>
        <line num="26" type="stmt" count="0"/>
        <metrics loc="27" ncloc="23" classes="1" methods="1" coveredmethods="0" conditionals="0" coveredconditionals="0" statements="7" coveredstatements="0" elements="8" coveredelements="0"/>
      </file>
      <file name="/home/alexey/Dev/Snuggle/Source/Commands/Abstraction/TRefreshView.php">
        <class name="TRefreshView" namespace="Snuggle\Commands\Abstraction">
          <metrics complexity="23" methods="9" coveredmethods="2" conditionals="0" coveredconditionals="0" statements="36" coveredstatements="9" elements="45" coveredelements="11"/>
        </class>
        <line num="28" type="method" name="needToRefresh" visibility="private" complexity="7" crap="16.14" count="32"/>
        <line num="30" type="stmt" count="32"/>
        <line num="31" type="stmt" count="0"/>
        <line num="32" type="stmt" count="32"/>
        <line num="34" type="stmt" count="32"/>
        <line num="37" type="stmt" count="0"/>
        <line num="38" type="stmt" count="0"/>
        <line num="40" type="stmt" count="0"/>
        <line num="43" type="method" name="refreshViews" visibility="private" complexity="3" crap="7.93" count="32"/>
        <line num="45" type="stmt" count="32"/>
        <line num="46" type="stmt" count="32"/>
        <line num="48" type="stmt" count="0"/>
        <line num="50" type="stmt" count="0"/>
        <line num="52" type="stmt" count="0"/>
        <line num="53" type="stmt" count="0"/>
        <line num="54" type="stmt" count="0"/>
        <line num="55" type="stmt" count="0"/>
        <line num="56" type="stmt" count="0"/>
        <line num="57" type="stmt" count="0"/>
        <line num="59" type="stmt" count="0"/>
        <line num="61" type="method" name="setRefreshDB" visibility="private" complexity="1" crap="1" count="32"/>
        <line num="63" type="stmt" count="32"/>
        <line num="64" type="stmt" count="32"/>
        <line num="66" type="method" name="setRefreshConnection" visibility="private" complexity="1" crap="1" count="32"/>
        <line num="68" type="stmt" count="32"/>
        <line num="69" type="stmt" count="32"/>
        <line num="76" type="method" name="setRefreshOperations" visibility="public" complexity="1" crap="2" count="0"/>
        <line num="78" type="stmt" count="0"/>
        <line num="79" type="stmt" count="0"/>
        <line num="86" type="method" name="setRefreshProbability" visibility="public" complexity="1" crap="2" count="0"/>
        <line num="88" type="stmt" count="0"/>
        <line num="89" type="stmt" count="0"/>
        <line num="97" type="method" name="setRefreshDoc" visibility="public" complexity="3" crap="12" count="0"/>
        <line num="99" type="stmt" count="0"/>
        <line num="100" type="stmt" count="0"/>
        <line num="108" type="method" name="setRefreshDocs" visibility="public" complexity="3" crap="12" count="0"/>
        <line num="110" type="stmt" count="0"/>
        <line num="112" type="stmt" count="0"/>
        <line num="115" type="stmt" count="0"/>
        <line num="122" type="method" name="setRefreshDocViews" visibility="public" complexity="3" crap="12" count="0"/>
        <line num="124" type="stmt" count="0"/>
        <line num="126" type="stmt" count="0"/>
        <line num="127" type="stmt" count="0"/>
        <line num="129" type="stmt" count="0"/>
        <line num="132" type="stmt" count="0"/>
        <metrics loc="133" ncloc="110" classes="1" methods="9" coveredmethods="2" conditionals="0" coveredconditionals="0" statements="36" coveredstatements="9" elements="45" coveredelements="11"/>
      </file>
    </package>
    <package name="Snuggle\Commands\BulkGet">
      <file name="/home/alexey/Dev/Snuggle/Source/Commands/BulkGet/TQueryDocs.php">
        <class name="TQueryDocs" namespace="Snuggle\Commands\BulkGet">
          <metrics complexity="15" methods="5" coveredmethods="5" conditionals="0" coveredconditionals="0" statements="33" coveredstatements="33" elements="38" coveredelements="38"/>
        </class>
        <line num="19" type="method" name="queryFirstDoc" visibility="public" complexity="3" crap="3" count="2"/>
        <line num="21" type="stmt" count="2"/>
        <line num="24" type="stmt" count="2"/>
        <line num="25" type="stmt" count="2"/>
        <line num="27" type="stmt" count="2"/>
        <line num="33" type="method" name="queryDocs" visibility="public" complexity="5" crap="5" count="11"/>
        <line num="35" type="stmt" count="11"/>
        <line num="36" type="stmt" count="11"/>
        <line num="37" type="stmt" count="11"/>
        <line num="39" type="stmt" count="11"/>
        <line num="41" type="stmt" count="11"/>
        <line num="43" type="stmt" count="11"/>
        <line num="44" type="stmt" count="4"/>
        <line num="46" type="stmt" count="7"/>
        <line num="49" type="stmt" count="11"/>
        <line num="55" type="method" name="queryDocsMap" visibility="public" complexity="2" crap="2" count="2"/>
        <line num="57" type="stmt" count="2"/>
        <line num="58" type="stmt" count="2"/>
        <line num="60" type="stmt" count="2"/>
        <line num="62" type="stmt" count="1"/>
        <line num="65" type="stmt" count="2"/>
        <line num="72" type="method" name="queryDocsMapBy" visibility="public" complexity="2" crap="2" count="3"/>
        <line num="74" type="stmt" count="3"/>
        <line num="75" type="stmt" count="3"/>
        <line num="77" type="stmt" count="3"/>
        <line num="79" type="stmt" count="3"/>
        <line num="81" type="stmt" count="2"/>
        <line num="84" type="stmt" count="3"/>
        <line num="91" type="method" name="queryDocsGroupBy" visibility="public" complexity="3" crap="3" count="4"/>
        <line num="93" type="stmt" count="4"/>
        <line num="94" type="stmt" count="4"/>
        <line num="96" type="stmt" count="4"/>
        <line num="98" type="stmt" count="4"/>
        <line num="100" type="stmt" count="3"/>
        <line num="102" type="stmt" count="3"/>
        <line num="104" type="stmt" count="3"/>
        <line num="108" type="stmt" count="1"/>
        <line num="112" type="stmt" count="4"/>
        <metrics loc="113" ncloc="93" classes="1" methods="5" coveredmethods="5" conditionals="0" coveredconditionals="0" statements="33" coveredstatements="33" elements="38" coveredelements="38"/>
      </file>
      <file name="/home/alexey/Dev/Snuggle/Source/Commands/BulkGet/TQueryRows.php">
        <class name="TQueryRows" namespace="Snuggle\Commands\BulkGet">
          <metrics complexity="19" methods="10" coveredmethods="10" conditionals="0" coveredconditionals="0" statements="36" coveredstatements="36" elements="46" coveredelements="46"/>
        </class>
        <line num="19" type="method" name="_queryRowsGroupBy" visibility="private" complexity="3" crap="3" count="2"/>
        <line num="21" type="stmt" count="2"/>
        <line num="22" type="stmt" count="2"/>
        <line num="24" type="stmt" count="2"/>
        <line num="26" type="stmt" count="2"/>
        <line num="27" type="stmt" count="2"/>
        <line num="29" type="stmt" count="2"/>
        <line num="30" type="stmt" count="2"/>
        <line num="33" type="stmt" count="2"/>
        <line num="40" type="method" name="_queryRowsByField" visibility="private" complexity="2" crap="2" count="2"/>
        <line num="42" type="stmt" count="2"/>
        <line num="43" type="stmt" count="2"/>
        <line num="45" type="stmt" count="2"/>
        <line num="47" type="stmt" count="2"/>
        <line num="50" type="stmt" count="2"/>
        <line num="57" type="method" name="queryFirstRow" visibility="public" complexity="3" crap="3" count="2"/>
        <line num="59" type="stmt" count="2"/>
        <line num="60" type="stmt" count="2"/>
        <line num="61" type="stmt" count="2"/>
        <line num="63" type="stmt" count="2"/>
        <line num="66" type="method" name="queryValues" visibility="public" complexity="3" crap="3" count="6"/>
        <line num="68" type="stmt" count="6"/>
        <line num="69" type="stmt" count="6"/>
        <line num="71" type="stmt" count="6"/>
        <line num="73" type="stmt" count="6"/>
        <line num="75" type="stmt" count="6"/>
        <line num="76" type="stmt" count="6"/>
        <line num="79" type="stmt" count="6"/>
        <line num="82" type="method" name="queryValue" visibility="public" complexity="3" crap="3" count="1"/>
        <line num="84" type="stmt" count="1"/>
        <line num="85" type="stmt" count="1"/>
        <line num="87" type="stmt" count="1"/>
        <line num="88" type="stmt" count="1"/>
        <line num="89" type="stmt" count="1"/>
        <line num="90" type="stmt" count="1"/>
        <line num="92" type="stmt" count="1"/>
        <line num="98" type="method" name="queryRows" visibility="public" complexity="1" crap="1" count="4"/>
        <line num="100" type="stmt" count="4"/>
        <line num="106" type="method" name="queryRowsByKey" visibility="public" complexity="1" crap="1" count="1"/>
        <line num="108" type="stmt" count="1"/>
        <line num="114" type="method" name="queryRowsGroupByKey" visibility="public" complexity="1" crap="1" count="1"/>
        <line num="116" type="stmt" count="1"/>
        <line num="122" type="method" name="queryRowsByDocID" visibility="public" complexity="1" crap="1" count="1"/>
        <line num="124" type="stmt" count="1"/>
        <line num="130" type="method" name="queryRowsGroupByDocID" visibility="public" complexity="1" crap="1" count="1"/>
        <line num="132" type="stmt" count="1"/>
        <metrics loc="133" ncloc="104" classes="1" methods="10" coveredmethods="10" conditionals="0" coveredconditionals="0" statements="36" coveredstatements="36" elements="46" coveredelements="46"/>
      </file>
    </package>
    <package name="Snuggle\Commands">
      <file name="/home/alexey/Dev/Snuggle/Source/Commands/CmdBulkGet.php">
        <class name="Snuggle\Commands\CmdBulkGet" namespace="Snuggle\Commands">
          <metrics complexity="45" methods="24" coveredmethods="13" conditionals="0" coveredconditionals="0" statements="79" coveredstatements="59" elements="103" coveredelements="72"/>
        </class>
        <line num="44" type="method" name="setJsonParam" visibility="private" complexity="2" crap="2" count="25"/>
        <line num="46" type="stmt" count="25"/>
        <line num="47" type="stmt" count="19"/>
        <line num="49" type="stmt" count="11"/>
        <line num="51" type="stmt" count="25"/>
        <line num="54" type="method" name="setParam" visibility="private" complexity="2" crap="2.06" count="8"/>
        <line num="56" type="stmt" count="8"/>
        <line num="57" type="stmt" count="0"/>
        <line num="59" type="stmt" count="8"/>
        <line num="61" type="stmt" count="8"/>
        <line num="64" type="method" name="setKeysParameter" visibility="private" complexity="3" crap="3" count="31"/>
        <line num="66" type="stmt" count="31"/>
        <line num="67" type="stmt" count="31"/>
        <line num="68" type="stmt" count="31"/>
        <line num="69" type="stmt" count="31"/>
        <line num="71" type="stmt" count="31"/>
        <line num="72" type="stmt" count="31"/>
        <line num="74" type="stmt" count="31"/>
        <line num="78" type="method" name="__construct" visibility="public" complexity="1" crap="1" count="34"/>
        <line num="80" type="stmt" count="34"/>
        <line num="81" type="stmt" count="34"/>
        <line num="84" type="method" name="from" visibility="public" complexity="3" crap="3" count="34"/>
        <line num="86" type="stmt" count="34"/>
        <line num="87" type="stmt" count="34"/>
        <line num="88" type="stmt" count="34"/>
        <line num="90" type="stmt" count="34"/>
        <line num="93" type="method" name="view" visibility="public" complexity="1" crap="1" count="16"/>
        <line num="95" type="stmt" count="16"/>
        <line num="96" type="stmt" count="16"/>
        <line num="97" type="stmt" count="16"/>
        <line num="100" type="method" name="includeConflicts" visibility="public" complexity="2" crap="6" count="0"/>
        <line num="102" type="stmt" count="0"/>
        <line num="103" type="stmt" count="0"/>
        <line num="105" type="stmt" count="0"/>
        <line num="108" type="method" name="includeDocs" visibility="public" complexity="1" crap="1" count="25"/>
        <line num="110" type="stmt" count="25"/>
        <line num="113" type="method" name="stale" visibility="public" complexity="2" crap="2" count="2"/>
        <line num="115" type="stmt" count="2"/>
        <line num="118" type="method" name="key" visibility="public" complexity="2" crap="2" count="5"/>
        <line num="120" type="stmt" count="5"/>
        <line num="123" type="method" name="keys" visibility="public" complexity="3" crap="3" count="30"/>
        <line num="126" type="stmt" count="30"/>
        <line num="129" type="method" name="startKey" visibility="public" complexity="1" crap="2" count="0"/>
        <line num="131" type="stmt" count="0"/>
        <line num="132" type="stmt" count="0"/>
        <line num="134" type="stmt" count="0"/>
        <line num="137" type="method" name="endKey" visibility="public" complexity="1" crap="2" count="0"/>
        <line num="139" type="stmt" count="0"/>
        <line num="140" type="stmt" count="0"/>
        <line num="142" type="stmt" count="0"/>
        <line num="145" type="method" name="inclusiveEndKey" visibility="public" complexity="1" crap="2" count="0"/>
        <line num="147" type="stmt" count="0"/>
        <line num="150" type="method" name="updateSeq" visibility="public" complexity="1" crap="1" count="19"/>
        <line num="152" type="stmt" count="19"/>
        <line num="155" type="method" name="limit" visibility="public" complexity="2" crap="2" count="6"/>
        <line num="157" type="stmt" count="6"/>
        <line num="160" type="method" name="skip" visibility="public" complexity="2" crap="6" count="0"/>
        <line num="162" type="stmt" count="0"/>
        <line num="165" type="method" name="page" visibility="public" complexity="1" crap="2" count="0"/>
        <line num="167" type="stmt" count="0"/>
        <line num="170" type="stmt" count="0"/>
        <line num="171" type="stmt" count="0"/>
        <line num="174" type="method" name="groupLevel" visibility="public" complexity="2" crap="6" count="0"/>
        <line num="176" type="stmt" count="0"/>
        <line num="179" type="method" name="descending" visibility="public" complexity="1" crap="2" count="0"/>
        <line num="181" type="stmt" count="0"/>
        <line num="185" type="method" name="execute" visibility="public" complexity="5" crap="5.04" count="34"/>
        <line num="187" type="stmt" count="34"/>
        <line num="189" type="stmt" count="0"/>
        <line num="190" type="stmt" count="0"/>
        <line num="193" type="stmt" count="34"/>
        <line num="195" type="stmt" count="18"/>
        <line num="199" type="stmt" count="28"/>
        <line num="202" type="stmt" count="34"/>
        <line num="203" type="stmt" count="34"/>
        <line num="204" type="stmt" count="34"/>
        <line num="206" type="stmt" count="34"/>
        <line num="208" type="stmt" count="30"/>
        <line num="209" type="stmt" count="30"/>
        <line num="211" type="stmt" count="30"/>
        <line num="214" type="stmt" count="34"/>
        <line num="216" type="stmt" count="34"/>
        <line num="218" type="stmt" count="30"/>
        <line num="221" type="stmt" count="34"/>
        <line num="225" type="method" name="queryList" visibility="public" complexity="1" crap="1" count="15"/>
        <line num="227" type="stmt" count="15"/>
        <line num="233" type="method" name="queryExists" visibility="public" complexity="1" crap="1" count="2"/>
        <line num="235" type="stmt" count="2"/>
        <line num="236" type="stmt" count="2"/>
        <line num="237" type="stmt" count="2"/>
        <line num="239" type="stmt" count="2"/>
        <line num="245" type="method" name="queryRevisions" visibility="public" complexity="4" crap="4.01" count="19"/>
        <line num="247" type="stmt" count="19"/>
        <line num="249" type="stmt" count="19"/>
        <line num="251" type="stmt" count="19"/>
        <line num="252" type="stmt" count="19"/>
        <line num="253" type="stmt" count="19"/>
        <line num="255" type="stmt" count="19"/>
        <line num="257" type="stmt" count="19"/>
        <line num="259" type="stmt" count="19"/>
        <line num="260" type="stmt" count="0"/>
        <line num="262" type="stmt" count="19"/>
        <line num="265" type="stmt" count="19"/>
        <metrics loc="266" ncloc="257" classes="1" methods="24" coveredmethods="13" conditionals="0" coveredconditionals="0" statements="79" coveredstatements="59" elements="103" coveredelements="72"/>
      </file>
      <file name="/home/alexey/Dev/Snuggle/Source/Commands/CmdBulkInsert.php">
        <class name="Snuggle\Commands\CmdBulkInsert" namespace="Snuggle\Commands">
          <metrics complexity="18" methods="10" coveredmethods="0" conditionals="0" coveredconditionals="0" statements="47" coveredstatements="0" elements="57" coveredelements="0"/>
        </class>
        <line num="36" type="method" name="__construct" visibility="public" complexity="1" crap="2" count="0"/>
        <line num="38" type="stmt" count="0"/>
        <line num="39" type="stmt" count="0"/>
        <line num="40" type="stmt" count="0"/>
        <line num="47" type="method" name="into" visibility="public" complexity="1" crap="2" count="0"/>
        <line num="49" type="stmt" count="0"/>
        <line num="50" type="stmt" count="0"/>
        <line num="51" type="stmt" count="0"/>
        <line num="58" type="method" name="data" visibility="public" complexity="1" crap="2" count="0"/>
        <line num="60" type="stmt" count="0"/>
        <line num="61" type="stmt" count="0"/>
        <line num="69" type="method" name="dataSet" visibility="public" complexity="1" crap="2" count="0"/>
        <line num="71" type="stmt" count="0"/>
        <line num="72" type="stmt" count="0"/>
        <line num="79" type="method" name="document" visibility="public" complexity="1" crap="2" count="0"/>
        <line num="81" type="stmt" count="0"/>
        <line num="88" type="method" name="documents" visibility="public" complexity="1" crap="2" count="0"/>
        <line num="90" type="stmt" count="0"/>
        <line num="93" type="method" name="execute" visibility="public" complexity="3" crap="12" count="0"/>
        <line num="95" type="stmt" count="0"/>
        <line num="96" type="stmt" count="0"/>
        <line num="98" type="stmt" count="0"/>
        <line num="100" type="stmt" count="0"/>
        <line num="101" type="stmt" count="0"/>
        <line num="102" type="stmt" count="0"/>
        <line num="105" type="stmt" count="0"/>
        <line num="107" type="stmt" count="0"/>
        <line num="109" type="stmt" count="0"/>
        <line num="112" type="stmt" count="0"/>
        <line num="118" type="method" name="queryIDs" visibility="public" complexity="2" crap="6" count="0"/>
        <line num="120" type="stmt" count="0"/>
        <line num="121" type="stmt" count="0"/>
        <line num="123" type="stmt" count="0"/>
        <line num="125" type="stmt" count="0"/>
        <line num="128" type="stmt" count="0"/>
        <line num="134" type="method" name="queryIsSuccessful" visibility="public" complexity="2" crap="6" count="0"/>
        <line num="136" type="stmt" count="0"/>
        <line num="137" type="stmt" count="0"/>
        <line num="139" type="stmt" count="0"/>
        <line num="141" type="stmt" count="0"/>
        <line num="144" type="stmt" count="0"/>
        <line num="150" type="method" name="queryDocs" visibility="public" complexity="5" crap="30" count="0"/>
        <line num="152" type="stmt" count="0"/>
        <line num="153" type="stmt" count="0"/>
        <line num="155" type="stmt" count="0"/>
        <line num="157" type="stmt" count="0"/>
        <line num="158" type="stmt" count="0"/>
        <line num="160" type="stmt" count="0"/>
        <line num="161" type="stmt" count="0"/>
        <line num="163" type="stmt" count="0"/>
        <line num="165" type="stmt" count="0"/>
        <line num="166" type="stmt" count="0"/>
        <line num="168" type="stmt" count="0"/>
        <line num="169" type="stmt" count="0"/>
        <line num="170" type="stmt" count="0"/>
        <line num="172" type="stmt" count="0"/>
        <line num="175" type="stmt" count="0"/>
        <metrics loc="176" ncloc="145" classes="1" methods="10" coveredmethods="0" conditionals="0" coveredconditionals="0" statements="47" coveredstatements="0" elements="57" coveredelements="0"/>
      </file>
      <file name="/home/alexey/Dev/Snuggle/Source/Commands/CmdBulkStore.php">
        <class name="Snuggle\Commands\CmdBulkStore" namespace="Snuggle\Commands">
          <metrics complexity="35" methods="11" coveredmethods="4" conditionals="0" coveredconditionals="0" statements="69" coveredstatements="47" elements="80" coveredelements="51"/>
        </class>
        <line num="49" type="method" name="executeRequest" visibility="private" complexity="2" crap="2.01" count="25"/>
        <line num="51" type="stmt" count="25"/>
        <line num="52" type="stmt" count="0"/>
        <line num="54" type="stmt" count="25"/>
        <line num="55" type="stmt" count="25"/>
        <line num="57" type="stmt" count="25"/>
        <line num="58" type="stmt" count="25"/>
        <line num="60" type="stmt" count="25"/>
        <line num="63" type="method" name="getRetries" visibility="private" complexity="4" crap="5.02" count="25"/>
        <line num="65" type="stmt" count="25"/>
        <line num="66" type="stmt" count="0"/>
        <line num="68" type="stmt" count="25"/>
        <line num="69" type="stmt" count="0"/>
        <line num="71" type="stmt" count="25"/>
        <line num="75" type="method" name="__construct" visibility="public" complexity="1" crap="1" count="25"/>
        <line num="77" type="stmt" count="25"/>
        <line num="78" type="stmt" count="25"/>
        <line num="79" type="stmt" count="25"/>
        <line num="81" type="stmt" count="25"/>
        <line num="82" type="stmt" count="25"/>
        <line num="83" type="stmt" count="25"/>
        <line num="90" type="method" name="into" visibility="public" complexity="1" crap="1" count="25"/>
        <line num="92" type="stmt" count="25"/>
        <line num="93" type="stmt" count="25"/>
        <line num="94" type="stmt" count="25"/>
        <line num="95" type="stmt" count="25"/>
        <line num="98" type="method" name="setCostumeResolver" visibility="public" complexity="2" crap="2" count="25"/>
        <line num="100" type="stmt" count="25"/>
        <line num="101" type="stmt" count="25"/>
        <line num="103" type="stmt" count="25"/>
        <line num="104" type="stmt" count="25"/>
        <line num="106" type="stmt" count="25"/>
        <line num="108" type="stmt" count="25"/>
        <line num="117" type="method" name="data" visibility="public" complexity="7" crap="13.12" count="2"/>
        <line num="119" type="stmt" count="2"/>
        <line num="120" type="stmt" count="2"/>
        <line num="121" type="stmt" count="0"/>
        <line num="122" type="stmt" count="0"/>
        <line num="123" type="stmt" count="0"/>
        <line num="124" type="stmt" count="0"/>
        <line num="126" type="stmt" count="2"/>
        <line num="127" type="stmt" count="0"/>
        <line num="129" type="stmt" count="2"/>
        <line num="130" type="stmt" count="0"/>
        <line num="132" type="stmt" count="2"/>
        <line num="134" type="stmt" count="2"/>
        <line num="137" type="method" name="dataSet" visibility="public" complexity="4" crap="5.26" count="23"/>
        <line num="139" type="stmt" count="23"/>
        <line num="140" type="stmt" count="0"/>
        <line num="142" type="stmt" count="23"/>
        <line num="144" type="stmt" count="0"/>
        <line num="146" type="stmt" count="0"/>
        <line num="150" type="stmt" count="23"/>
        <line num="151" type="stmt" count="23"/>
        <line num="154" type="method" name="setMaxRetries" visibility="public" complexity="2" crap="6" count="0"/>
        <line num="156" type="stmt" count="0"/>
        <line num="157" type="stmt" count="0"/>
        <line num="160" type="method" name="forceResolveUnmodified" visibility="public" complexity="1" crap="2" count="0"/>
        <line num="163" type="stmt" count="0"/>
        <line num="166" type="method" name="execute" visibility="public" complexity="6" crap="6" count="25"/>
        <line num="168" type="stmt" count="25"/>
        <line num="169" type="stmt" count="25"/>
        <line num="171" type="stmt" count="25"/>
        <line num="173" type="stmt" count="25"/>
        <line num="175" type="stmt" count="25"/>
        <line num="179" type="stmt" count="25"/>
        <line num="180" type="stmt" count="25"/>
        <line num="182" type="stmt" count="19"/>
        <line num="184" type="stmt" count="19"/>
        <line num="188" type="stmt" count="25"/>
        <line num="190" type="stmt" count="25"/>
        <line num="193" type="stmt" count="25"/>
        <line num="196" type="method" name="executeSafe" visibility="public" complexity="5" crap="30" count="0"/>
        <line num="200" type="stmt" count="0"/>
        <line num="202" type="stmt" count="0"/>
        <line num="204" type="stmt" count="0"/>
        <line num="206" type="stmt" count="0"/>
        <line num="208" type="stmt" count="0"/>
        <line num="209" type="stmt" count="0"/>
        <line num="212" type="stmt" count="0"/>
        <metrics loc="213" ncloc="199" classes="1" methods="11" coveredmethods="4" conditionals="0" coveredconditionals="0" statements="69" coveredstatements="47" elements="80" coveredelements="51"/>
      </file>
      <file name="/home/alexey/Dev/Snuggle/Source/Commands/CmdDB.php">
        <class name="Snuggle\Commands\CmdDB" namespace="Snuggle\Commands">
          <metrics complexity="22" methods="11" coveredmethods="10" conditionals="0" coveredconditionals="0" statements="50" coveredstatements="49" elements="61" coveredelements="59"/>
        </class>
        <line num="29" type="method" name="__construct" visibility="public" complexity="1" crap="1" count="15"/>
        <line num="31" type="stmt" count="15"/>
        <line num="32" type="stmt" count="15"/>
        <line num="35" type="method" name="create" visibility="public" complexity="3" crap="3" count="14"/>
        <line num="37" type="stmt" count="14"/>
        <line num="39" type="stmt" count="14"/>
        <line num="40" type="stmt" count="1"/>
        <line num="42" type="stmt" count="14"/>
        <line num="43" type="stmt" count="14"/>
        <line num="44" type="stmt" count="14"/>
        <line num="48" type="stmt" count="14"/>
        <line num="49" type="stmt" count="14"/>
        <line num="51" type="method" name="createIfNotExists" visibility="public" complexity="4" crap="4" count="1"/>
        <line num="53" type="stmt" count="1"/>
        <line num="55" type="stmt" count="1"/>
        <line num="56" type="stmt" count="1"/>
        <line num="60" type="stmt" count="1"/>
        <line num="61" type="stmt" count="1"/>
        <line num="62" type="stmt" count="1"/>
        <line num="66" type="stmt" count="1"/>
        <line num="67" type="stmt" count="1"/>
        <line num="69" type="stmt" count="1"/>
        <line num="71" type="stmt" count="1"/>
        <line num="75" type="method" name="drop" visibility="public" complexity="1" crap="1" count="12"/>
        <line num="77" type="stmt" count="12"/>
        <line num="78" type="stmt" count="12"/>
        <line num="79" type="stmt" count="12"/>
        <line num="81" type="method" name="dropIfExists" visibility="public" complexity="2" crap="2" count="3"/>
        <line num="85" type="stmt" count="3"/>
        <line num="86" type="stmt" count="3"/>
        <line num="87" type="stmt" count="3"/>
        <line num="89" type="stmt" count="3"/>
        <line num="91" type="stmt" count="3"/>
        <line num="95" type="method" name="exists" visibility="public" complexity="2" crap="2" count="14"/>
        <line num="99" type="stmt" count="14"/>
        <line num="101" type="stmt" count="14"/>
        <line num="103" type="stmt" count="14"/>
        <line num="106" type="stmt" count="3"/>
        <line num="109" type="method" name="info" visibility="public" complexity="1" crap="1" count="2"/>
        <line num="111" type="stmt" count="2"/>
        <line num="114" type="method" name="designDocInfo" visibility="public" complexity="1" crap="1" count="1"/>
        <line num="116" type="stmt" count="1"/>
        <line num="123" type="method" name="designDocs" visibility="public" complexity="3" crap="3.02" count="2"/>
        <line num="125" type="stmt" count="2"/>
        <line num="126" type="stmt" count="2"/>
        <line num="127" type="stmt" count="2"/>
        <line num="129" type="stmt" count="2"/>
        <line num="130" type="stmt" count="0"/>
        <line num="132" type="stmt" count="2"/>
        <line num="134" type="stmt" count="1"/>
        <line num="137" type="stmt" count="2"/>
        <line num="140" type="method" name="compact" visibility="public" complexity="3" crap="3" count="2"/>
        <line num="142" type="stmt" count="2"/>
        <line num="144" type="stmt" count="2"/>
        <line num="145" type="stmt" count="1"/>
        <line num="147" type="stmt" count="2"/>
        <line num="148" type="stmt" count="2"/>
        <line num="150" type="method" name="setRevisionsLimit" visibility="public" complexity="1" crap="1" count="1"/>
        <line num="152" type="stmt" count="1"/>
        <line num="153" type="stmt" count="1"/>
        <line num="154" type="stmt" count="1"/>
        <metrics loc="154" ncloc="149" classes="1" methods="11" coveredmethods="10" conditionals="0" coveredconditionals="0" statements="50" coveredstatements="49" elements="61" coveredelements="59"/>
      </file>
      <file name="/home/alexey/Dev/Snuggle/Source/Commands/CmdDelete.php">
        <class name="Snuggle\Commands\CmdDelete" namespace="Snuggle\Commands">
          <metrics complexity="15" methods="11" coveredmethods="0" conditionals="0" coveredconditionals="0" statements="36" coveredstatements="0" elements="47" coveredelements="0"/>
        </class>
        <line num="43" type="method" name="loadRevision" visibility="private" complexity="1" crap="2" count="0"/>
        <line num="45" type="stmt" count="0"/>
        <line num="46" type="stmt" count="0"/>
        <line num="48" type="stmt" count="0"/>
        <line num="49" type="stmt" count="0"/>
        <line num="52" type="method" name="__construct" visibility="public" complexity="1" crap="2" count="0"/>
        <line num="54" type="stmt" count="0"/>
        <line num="56" type="stmt" count="0"/>
        <line num="57" type="stmt" count="0"/>
        <line num="58" type="stmt" count="0"/>
        <line num="65" type="method" name="asBatch" visibility="public" complexity="2" crap="6" count="0"/>
        <line num="67" type="stmt" count="0"/>
        <line num="68" type="stmt" count="0"/>
        <line num="70" type="stmt" count="0"/>
        <line num="72" type="stmt" count="0"/>
        <line num="79" type="method" name="rev" visibility="public" complexity="1" crap="2" count="0"/>
        <line num="81" type="stmt" count="0"/>
        <line num="82" type="stmt" count="0"/>
        <line num="88" type="method" name="ignoreConflict" visibility="public" complexity="1" crap="2" count="0"/>
        <line num="90" type="stmt" count="0"/>
        <line num="91" type="stmt" count="0"/>
        <line num="97" type="method" name="overrideConflict" visibility="public" complexity="1" crap="2" count="0"/>
        <line num="99" type="stmt" count="0"/>
        <line num="100" type="stmt" count="0"/>
        <line num="106" type="method" name="failOnConflict" visibility="public" complexity="1" crap="2" count="0"/>
        <line num="108" type="stmt" count="0"/>
        <line num="109" type="stmt" count="0"/>
        <line num="116" type="method" name="resolveConflict" visibility="public" complexity="1" crap="2" count="0"/>
        <line num="118" type="stmt" count="0"/>
        <line num="119" type="stmt" count="0"/>
        <line num="126" type="method" name="failOnNotFound" visibility="public" complexity="1" crap="2" count="0"/>
        <line num="128" type="stmt" count="0"/>
        <line num="129" type="stmt" count="0"/>
        <line num="132" type="method" name="execute" visibility="public" complexity="3" crap="12" count="0"/>
        <line num="134" type="stmt" count="0"/>
        <line num="138" type="stmt" count="0"/>
        <line num="140" type="stmt" count="0"/>
        <line num="142" type="stmt" count="0"/>
        <line num="143" type="stmt" count="0"/>
        <line num="145" type="stmt" count="0"/>
        <line num="149" type="method" name="assemble" visibility="public" complexity="2" crap="6" count="0"/>
        <line num="151" type="stmt" count="0"/>
        <line num="152" type="stmt" count="0"/>
        <line num="154" type="stmt" count="0"/>
        <line num="155" type="stmt" count="0"/>
        <line num="156" type="stmt" count="0"/>
        <line num="157" type="stmt" count="0"/>
        <metrics loc="159" ncloc="132" classes="1" methods="11" coveredmethods="0" conditionals="0" coveredconditionals="0" statements="36" coveredstatements="0" elements="47" coveredelements="0"/>
      </file>
      <file name="/home/alexey/Dev/Snuggle/Source/Commands/CmdDesign.php">
        <class name="Snuggle\Commands\CmdDesign" namespace="Snuggle\Commands">
          <metrics complexity="24" methods="19" coveredmethods="12" conditionals="0" coveredconditionals="0" statements="43" coveredstatements="29" elements="62" coveredelements="41"/>
        </class>
        <line num="34" type="method" name="__construct" visibility="public" complexity="1" crap="1" count="12"/>
        <line num="36" type="stmt" count="12"/>
        <line num="37" type="stmt" count="12"/>
        <line num="39" type="method" name="__clone" visibility="public" complexity="1" crap="2" count="0"/>
        <line num="41" type="stmt" count="0"/>
        <line num="42" type="stmt" count="0"/>
        <line num="45" type="method" name="document" visibility="public" complexity="1" crap="2" count="0"/>
        <line num="47" type="stmt" count="0"/>
        <line num="50" type="method" name="db" visibility="public" complexity="1" crap="1" count="12"/>
        <line num="52" type="stmt" count="12"/>
        <line num="53" type="stmt" count="12"/>
        <line num="56" type="method" name="name" visibility="public" complexity="1" crap="1" count="12"/>
        <line num="58" type="stmt" count="12"/>
        <line num="59" type="stmt" count="12"/>
        <line num="62" type="method" name="language" visibility="public" complexity="1" crap="2" count="0"/>
        <line num="64" type="stmt" count="0"/>
        <line num="65" type="stmt" count="0"/>
        <line num="68" type="method" name="data" visibility="public" complexity="1" crap="1" count="6"/>
        <line num="70" type="stmt" count="6"/>
        <line num="71" type="stmt" count="6"/>
        <line num="74" type="method" name="addView" visibility="public" complexity="3" crap="3.14" count="6"/>
        <line num="76" type="stmt" count="6"/>
        <line num="78" type="stmt" count="6"/>
        <line num="79" type="stmt" count="0"/>
        <line num="81" type="stmt" count="6"/>
        <line num="84" type="method" name="rev" visibility="public" complexity="3" crap="12" count="0"/>
        <line num="86" type="stmt" count="0"/>
        <line num="87" type="stmt" count="0"/>
        <line num="89" type="stmt" count="0"/>
        <line num="91" type="stmt" count="0"/>
        <line num="94" type="method" name="addViews" visibility="public" complexity="1" crap="2" count="0"/>
        <line num="96" type="stmt" count="0"/>
        <line num="97" type="stmt" count="0"/>
        <line num="101" type="stmt" count="0"/>
        <line num="105" type="method" name="ignoreConflict" visibility="public" complexity="1" crap="1" count="1"/>
        <line num="107" type="stmt" count="1"/>
        <line num="108" type="stmt" count="1"/>
        <line num="111" type="method" name="overrideConflict" visibility="public" complexity="1" crap="1" count="2"/>
        <line num="113" type="stmt" count="2"/>
        <line num="114" type="stmt" count="2"/>
        <line num="117" type="method" name="failOnConflict" visibility="public" complexity="1" crap="1" count="1"/>
        <line num="119" type="stmt" count="1"/>
        <line num="120" type="stmt" count="1"/>
        <line num="123" type="method" name="mergeNewOnConflict" visibility="public" complexity="1" crap="1" count="1"/>
        <line num="125" type="stmt" count="1"/>
        <line num="126" type="stmt" count="1"/>
        <line num="129" type="method" name="mergeOverOnConflict" visibility="public" complexity="1" crap="1" count="1"/>
        <line num="131" type="stmt" count="1"/>
        <line num="132" type="stmt" count="1"/>
        <line num="135" type="method" name="fromDir" visibility="public" complexity="1" crap="1" count="1"/>
        <line num="137" type="stmt" count="1"/>
        <line num="140" type="method" name="viewsFromDir" visibility="public" complexity="1" crap="1" count="6"/>
        <line num="142" type="stmt" count="6"/>
        <line num="145" type="method" name="create" visibility="public" complexity="1" crap="1" count="7"/>
        <line num="147" type="stmt" count="7"/>
        <line num="148" type="stmt" count="7"/>
        <line num="150" type="method" name="execute" visibility="public" complexity="2" crap="2.03" count="12"/>
        <line num="152" type="stmt" count="12"/>
        <line num="153" type="stmt" count="0"/>
        <line num="155" type="stmt" count="12"/>
        <line num="156" type="stmt" count="12"/>
        <line num="157" type="stmt" count="12"/>
        <metrics loc="158" ncloc="157" classes="1" methods="19" coveredmethods="12" conditionals="0" coveredconditionals="0" statements="43" coveredstatements="29" elements="62" coveredelements="41"/>
      </file>
      <file name="/home/alexey/Dev/Snuggle/Source/Commands/CmdDirect.php">
        <class name="Snuggle\Commands\CmdDirect" namespace="Snuggle\Commands">
          <metrics complexity="26" methods="17" coveredmethods="0" conditionals="0" coveredconditionals="0" statements="34" coveredstatements="0" elements="51" coveredelements="0"/>
        </class>
        <line num="29" type="method" name="setData" visibility="private" complexity="5" crap="30" count="0"/>
        <line num="31" type="stmt" count="0"/>
        <line num="32" type="stmt" count="0"/>
        <line num="34" type="stmt" count="0"/>
        <line num="35" type="stmt" count="0"/>
        <line num="37" type="stmt" count="0"/>
        <line num="38" type="stmt" count="0"/>
        <line num="40" type="stmt" count="0"/>
        <line num="44" type="method" name="__construct" visibility="public" complexity="1" crap="2" count="0"/>
        <line num="46" type="stmt" count="0"/>
        <line num="47" type="stmt" count="0"/>
        <line num="48" type="stmt" count="0"/>
        <line num="51" type="method" name="setBody" visibility="public" complexity="1" crap="2" count="0"/>
        <line num="53" type="stmt" count="0"/>
        <line num="54" type="stmt" count="0"/>
        <line num="57" type="method" name="setHeader" visibility="public" complexity="1" crap="2" count="0"/>
        <line num="59" type="stmt" count="0"/>
        <line num="60" type="stmt" count="0"/>
        <line num="63" type="method" name="setHeaders" visibility="public" complexity="1" crap="2" count="0"/>
        <line num="65" type="stmt" count="0"/>
        <line num="66" type="stmt" count="0"/>
        <line num="69" type="method" name="setURI" visibility="public" complexity="1" crap="2" count="0"/>
        <line num="71" type="stmt" count="0"/>
        <line num="72" type="stmt" count="0"/>
        <line num="75" type="method" name="setQueryParam" visibility="public" complexity="1" crap="2" count="0"/>
        <line num="77" type="stmt" count="0"/>
        <line num="78" type="stmt" count="0"/>
        <line num="81" type="method" name="setJsonQueryParam" visibility="public" complexity="1" crap="2" count="0"/>
        <line num="83" type="stmt" count="0"/>
        <line num="84" type="stmt" count="0"/>
        <line num="87" type="method" name="setQueryParams" visibility="public" complexity="1" crap="2" count="0"/>
        <line num="89" type="stmt" count="0"/>
        <line num="90" type="stmt" count="0"/>
        <line num="93" type="method" name="setJsonQueryParams" visibility="public" complexity="1" crap="2" count="0"/>
        <line num="95" type="stmt" count="0"/>
        <line num="96" type="stmt" count="0"/>
        <line num="103" type="method" name="setMethod" visibility="public" complexity="1" crap="2" count="0"/>
        <line num="105" type="stmt" count="0"/>
        <line num="106" type="stmt" count="0"/>
        <line num="109" type="method" name="setGET" visibility="public" complexity="2" crap="6" count="0"/>
        <line num="111" type="stmt" count="0"/>
        <line num="114" type="method" name="setHEAD" visibility="public" complexity="2" crap="6" count="0"/>
        <line num="116" type="stmt" count="0"/>
        <line num="119" type="method" name="setPUT" visibility="public" complexity="2" crap="6" count="0"/>
        <line num="121" type="stmt" count="0"/>
        <line num="124" type="method" name="setPOST" visibility="public" complexity="2" crap="6" count="0"/>
        <line num="126" type="stmt" count="0"/>
        <line num="129" type="method" name="setDELETE" visibility="public" complexity="2" crap="6" count="0"/>
        <line num="131" type="stmt" count="0"/>
        <line num="134" type="method" name="execute" visibility="public" complexity="1" crap="2" count="0"/>
        <line num="136" type="stmt" count="0"/>
        <metrics loc="137" ncloc="131" classes="1" methods="17" coveredmethods="0" conditionals="0" coveredconditionals="0" statements="34" coveredstatements="0" elements="51" coveredelements="0"/>
      </file>
      <file name="/home/alexey/Dev/Snuggle/Source/Commands/CmdGet.php">
        <class name="Snuggle\Commands\CmdGet" namespace="Snuggle\Commands">
          <metrics complexity="35" methods="19" coveredmethods="7" conditionals="0" coveredconditionals="0" statements="54" coveredstatements="31" elements="73" coveredelements="38"/>
        </class>
        <line num="39" type="method" name="validate" visibility="private" complexity="3" crap="3.33" count="6"/>
        <line num="41" type="stmt" count="6"/>
        <line num="42" type="stmt" count="6"/>
        <line num="44" type="stmt" count="0"/>
        <line num="47" type="method" name="setBoolParam" visibility="private" complexity="2" crap="6" count="0"/>
        <line num="49" type="stmt" count="0"/>
        <line num="50" type="stmt" count="0"/>
        <line num="52" type="stmt" count="0"/>
        <line num="54" type="stmt" count="0"/>
        <line num="57" type="method" name="queryDocumentSafe" visibility="private" complexity="3" crap="3" count="1"/>
        <line num="61" type="stmt" count="1"/>
        <line num="63" type="stmt" count="1"/>
        <line num="65" type="stmt" count="1"/>
        <line num="69" type="method" name="queryDocumentUnsafe" visibility="private" complexity="1" crap="1" count="5"/>
        <line num="71" type="stmt" count="5"/>
        <line num="75" type="method" name="__construct" visibility="public" complexity="1" crap="1" count="6"/>
        <line num="77" type="stmt" count="6"/>
        <line num="78" type="stmt" count="6"/>
        <line num="85" type="method" name="rev" visibility="public" complexity="1" crap="2" count="0"/>
        <line num="87" type="stmt" count="0"/>
        <line num="88" type="stmt" count="0"/>
        <line num="95" type="method" name="ignoreMissing" visibility="public" complexity="1" crap="1" count="1"/>
        <line num="97" type="stmt" count="1"/>
        <line num="98" type="stmt" count="1"/>
        <line num="106" type="method" name="withAttachments" visibility="public" complexity="3" crap="12" count="0"/>
        <line num="108" type="stmt" count="0"/>
        <line num="110" type="stmt" count="0"/>
        <line num="111" type="stmt" count="0"/>
        <line num="115" type="stmt" count="0"/>
        <line num="117" type="stmt" count="0"/>
        <line num="119" type="stmt" count="0"/>
        <line num="123" type="stmt" count="0"/>
        <line num="126" type="method" name="withAttachmentsEncoding" visibility="public" complexity="1" crap="2" count="0"/>
        <line num="128" type="stmt" count="0"/>
        <line num="131" type="method" name="withConflicts" visibility="public" complexity="1" crap="2" count="0"/>
        <line num="133" type="stmt" count="0"/>
        <line num="136" type="method" name="withDeleteConflicts" visibility="public" complexity="1" crap="2" count="0"/>
        <line num="138" type="stmt" count="0"/>
        <line num="141" type="method" name="withRevisions" visibility="public" complexity="1" crap="2" count="0"/>
        <line num="143" type="stmt" count="0"/>
        <line num="144" type="stmt" count="0"/>
        <line num="147" type="method" name="withRevisionsInfo" visibility="public" complexity="1" crap="2" count="0"/>
        <line num="149" type="stmt" count="0"/>
        <line num="152" type="method" name="withMeta" visibility="public" complexity="1" crap="2" count="0"/>
        <line num="154" type="stmt" count="0"/>
        <line num="157" type="method" name="withLocalSeq" visibility="public" complexity="1" crap="2" count="0"/>
        <line num="159" type="stmt" count="0"/>
        <line num="162" type="method" name="forceLatest" visibility="public" complexity="1" crap="2" count="0"/>
        <line num="164" type="stmt" count="0"/>
        <line num="168" type="method" name="queryExists" visibility="public" complexity="5" crap="5" count="1"/>
        <line num="170" type="stmt" count="1"/>
        <line num="171" type="stmt" count="1"/>
        <line num="173" type="stmt" count="1"/>
        <line num="177" type="stmt" count="1"/>
        <line num="178" type="stmt" count="1"/>
        <line num="179" type="stmt" count="1"/>
        <line num="180" type="stmt" count="1"/>
        <line num="183" type="stmt" count="1"/>
        <line num="185" type="stmt" count="1"/>
        <line num="188" type="stmt" count="1"/>
        <line num="196" type="method" name="queryDoc" visibility="public" complexity="6" crap="6" count="5"/>
        <line num="198" type="stmt" count="5"/>
        <line num="199" type="stmt" count="2"/>
        <line num="201" type="stmt" count="5"/>
        <line num="203" type="stmt" count="5"/>
        <line num="204" type="stmt" count="1"/>
        <line num="205" type="stmt" count="5"/>
        <line num="208" type="method" name="execute" visibility="public" complexity="1" crap="1" count="5"/>
        <line num="210" type="stmt" count="5"/>
        <line num="212" type="stmt" count="5"/>
        <line num="213" type="stmt" count="5"/>
        <line num="214" type="stmt" count="5"/>
        <line num="215" type="stmt" count="5"/>
        <metrics loc="217" ncloc="198" classes="1" methods="19" coveredmethods="7" conditionals="0" coveredconditionals="0" statements="54" coveredstatements="31" elements="73" coveredelements="38"/>
      </file>
      <file name="/home/alexey/Dev/Snuggle/Source/Commands/CmdInsert.php">
        <class name="Snuggle\Commands\CmdInsert" namespace="Snuggle\Commands">
          <metrics complexity="14" methods="7" coveredmethods="1" conditionals="0" coveredconditionals="0" statements="32" coveredstatements="21" elements="39" coveredelements="22"/>
        </class>
        <line num="40" type="method" name="__construct" visibility="public" complexity="1" crap="1" count="2"/>
        <line num="42" type="stmt" count="2"/>
        <line num="43" type="stmt" count="2"/>
        <line num="44" type="stmt" count="2"/>
        <line num="52" type="method" name="into" visibility="public" complexity="2" crap="2.03" count="2"/>
        <line num="54" type="stmt" count="2"/>
        <line num="55" type="stmt" count="2"/>
        <line num="57" type="stmt" count="2"/>
        <line num="58" type="stmt" count="0"/>
        <line num="60" type="stmt" count="2"/>
        <line num="67" type="method" name="asBatch" visibility="public" complexity="1" crap="2" count="0"/>
        <line num="69" type="stmt" count="0"/>
        <line num="70" type="stmt" count="0"/>
        <line num="78" type="method" name="data" visibility="public" complexity="3" crap="3.33" count="2"/>
        <line num="80" type="stmt" count="2"/>
        <line num="81" type="stmt" count="0"/>
        <line num="82" type="stmt" count="2"/>
        <line num="83" type="stmt" count="2"/>
        <line num="85" type="stmt" count="0"/>
        <line num="87" type="stmt" count="2"/>
        <line num="90" type="method" name="execute" visibility="public" complexity="5" crap="5.31" count="2"/>
        <line num="92" type="stmt" count="2"/>
        <line num="93" type="stmt" count="0"/>
        <line num="95" type="stmt" count="2"/>
        <line num="97" type="stmt" count="0"/>
        <line num="101" type="stmt" count="2"/>
        <line num="104" type="stmt" count="2"/>
        <line num="106" type="stmt" count="0"/>
        <line num="110" type="stmt" count="2"/>
        <line num="111" type="stmt" count="2"/>
        <line num="113" type="stmt" count="2"/>
        <line num="115" type="stmt" count="2"/>
        <line num="117" type="stmt" count="2"/>
        <line num="120" type="stmt" count="2"/>
        <line num="130" type="method" name="document" visibility="public" complexity="1" crap="2" count="0"/>
        <line num="132" type="stmt" count="0"/>
        <line num="140" type="method" name="setID" visibility="public" complexity="1" crap="2" count="0"/>
        <line num="142" type="stmt" count="0"/>
        <line num="143" type="stmt" count="0"/>
        <metrics loc="144" ncloc="118" classes="1" methods="7" coveredmethods="1" conditionals="0" coveredconditionals="0" statements="32" coveredstatements="21" elements="39" coveredelements="22"/>
      </file>
      <file name="/home/alexey/Dev/Snuggle/Source/Commands/CmdServer.php">
        <class name="Snuggle\Commands\CmdServer" namespace="Snuggle\Commands">
          <metrics complexity="12" methods="5" coveredmethods="5" conditionals="0" coveredconditionals="0" statements="31" coveredstatements="31" elements="36" coveredelements="36"/>
        </class>
        <line num="19" type="method" name="__construct" visibility="public" complexity="1" crap="1" count="6"/>
        <line num="21" type="stmt" count="6"/>
        <line num="22" type="stmt" count="6"/>
        <line num="25" type="method" name="databases" visibility="public" complexity="1" crap="1" count="1"/>
        <line num="27" type="stmt" count="1"/>
        <line num="34" type="method" name="activeTasks" visibility="public" complexity="8" crap="8" count="3"/>
        <line num="36" type="stmt" count="3"/>
        <line num="37" type="stmt" count="3"/>
        <line num="39" type="stmt" count="3"/>
        <line num="41" type="stmt" count="2"/>
        <line num="43" type="stmt" count="2"/>
        <line num="45" type="stmt" count="1"/>
        <line num="48" type="stmt" count="1"/>
        <line num="50" type="stmt" count="1"/>
        <line num="51" type="stmt" count="1"/>
        <line num="52" type="stmt" count="1"/>
        <line num="53" type="stmt" count="1"/>
        <line num="54" type="stmt" count="1"/>
        <line num="55" type="stmt" count="1"/>
        <line num="56" type="stmt" count="1"/>
        <line num="57" type="stmt" count="1"/>
        <line num="59" type="stmt" count="1"/>
        <line num="62" type="stmt" count="3"/>
        <line num="65" type="method" name="info" visibility="public" complexity="1" crap="1" count="1"/>
        <line num="67" type="stmt" count="1"/>
        <line num="69" type="stmt" count="1"/>
        <line num="70" type="stmt" count="1"/>
        <line num="72" type="stmt" count="1"/>
        <line num="73" type="stmt" count="1"/>
        <line num="74" type="stmt" count="1"/>
        <line num="75" type="stmt" count="1"/>
        <line num="77" type="stmt" count="1"/>
        <line num="80" type="method" name="UUIDs" visibility="public" complexity="1" crap="1" count="1"/>
        <line num="82" type="stmt" count="1"/>
        <line num="83" type="stmt" count="1"/>
        <line num="84" type="stmt" count="1"/>
        <metrics loc="85" ncloc="80" classes="1" methods="5" coveredmethods="5" conditionals="0" coveredconditionals="0" statements="31" coveredstatements="31" elements="36" coveredelements="36"/>
      </file>
      <file name="/home/alexey/Dev/Snuggle/Source/Commands/CmdStore.php">
        <class name="Snuggle\Commands\CmdStore" namespace="Snuggle\Commands">
          <metrics complexity="29" methods="19" coveredmethods="10" conditionals="0" coveredconditionals="0" statements="59" coveredstatements="42" elements="78" coveredelements="52"/>
        </class>
        <line num="44" type="method" name="__construct" visibility="public" complexity="1" crap="1" count="12"/>
        <line num="46" type="stmt" count="12"/>
        <line num="47" type="stmt" count="12"/>
        <line num="48" type="stmt" count="12"/>
        <line num="49" type="stmt" count="12"/>
        <line num="57" type="method" name="into" visibility="public" complexity="2" crap="2.03" count="12"/>
        <line num="59" type="stmt" count="12"/>
        <line num="60" type="stmt" count="12"/>
        <line num="62" type="stmt" count="12"/>
        <line num="63" type="stmt" count="0"/>
        <line num="65" type="stmt" count="12"/>
        <line num="72" type="method" name="asBatch" visibility="public" complexity="1" crap="2" count="0"/>
        <line num="74" type="stmt" count="0"/>
        <line num="75" type="stmt" count="0"/>
        <line num="78" type="method" name="ignoreConflict" visibility="public" complexity="1" crap="1" count="1"/>
        <line num="80" type="stmt" count="1"/>
        <line num="81" type="stmt" count="1"/>
        <line num="84" type="method" name="overrideConflict" visibility="public" complexity="1" crap="1" count="2"/>
        <line num="86" type="stmt" count="2"/>
        <line num="87" type="stmt" count="2"/>
        <line num="90" type="method" name="failOnConflict" visibility="public" complexity="1" crap="1" count="1"/>
        <line num="92" type="stmt" count="1"/>
        <line num="93" type="stmt" count="1"/>
        <line num="96" type="method" name="mergeNewOnConflict" visibility="public" complexity="1" crap="1" count="1"/>
        <line num="98" type="stmt" count="1"/>
        <line num="99" type="stmt" count="1"/>
        <line num="102" type="method" name="mergeOverOnConflict" visibility="public" complexity="1" crap="1" count="1"/>
        <line num="104" type="stmt" count="1"/>
        <line num="105" type="stmt" count="1"/>
        <line num="108" type="method" name="resolveConflict" visibility="public" complexity="1" crap="2" count="0"/>
        <line num="110" type="stmt" count="0"/>
        <line num="111" type="stmt" count="0"/>
        <line num="114" type="method" name="forceResolveUnmodified" visibility="public" complexity="1" crap="2" count="0"/>
        <line num="116" type="stmt" count="0"/>
        <line num="117" type="stmt" count="0"/>
        <line num="120" type="method" name="getRev" visibility="public" complexity="2" crap="6" count="0"/>
        <line num="122" type="stmt" count="0"/>
        <line num="125" type="method" name="getBody" visibility="public" complexity="1" crap="1" count="2"/>
        <line num="127" type="stmt" count="2"/>
        <line num="130" type="method" name="setBody" visibility="public" complexity="1" crap="1" count="2"/>
        <line num="132" type="stmt" count="2"/>
        <line num="133" type="stmt" count="2"/>
        <line num="139" type="method" name="rev" visibility="public" complexity="1" crap="1" count="3"/>
        <line num="141" type="stmt" count="3"/>
        <line num="142" type="stmt" count="3"/>
        <line num="150" type="method" name="data" visibility="public" complexity="5" crap="8.12" count="12"/>
        <line num="152" type="stmt" count="12"/>
        <line num="154" type="stmt" count="12"/>
        <line num="156" type="stmt" count="12"/>
        <line num="157" type="stmt" count="12"/>
        <line num="159" type="stmt" count="0"/>
        <line num="161" type="stmt" count="0"/>
        <line num="163" type="stmt" count="0"/>
        <line num="165" type="stmt" count="0"/>
        <line num="166" type="stmt" count="0"/>
        <line num="169" type="stmt" count="12"/>
        <line num="172" type="method" name="execute" visibility="public" complexity="2" crap="2" count="12"/>
        <line num="174" type="stmt" count="12"/>
        <line num="176" type="stmt" count="12"/>
        <line num="178" type="stmt" count="12"/>
        <line num="181" type="stmt" count="12"/>
        <line num="184" type="method" name="assemble" visibility="public" complexity="4" crap="4.01" count="12"/>
        <line num="186" type="stmt" count="12"/>
        <line num="188" type="stmt" count="12"/>
        <line num="189" type="stmt" count="12"/>
        <line num="190" type="stmt" count="12"/>
        <line num="192" type="stmt" count="12"/>
        <line num="193" type="stmt" count="0"/>
        <line num="195" type="stmt" count="12"/>
        <line num="196" type="stmt" count="3"/>
        <line num="198" type="stmt" count="12"/>
        <line num="199" type="stmt" count="12"/>
        <line num="201" type="stmt" count="12"/>
        <line num="211" type="method" name="document" visibility="public" complexity="1" crap="2" count="0"/>
        <line num="213" type="stmt" count="0"/>
        <line num="221" type="method" name="setID" visibility="public" complexity="1" crap="2" count="0"/>
        <line num="223" type="stmt" count="0"/>
        <line num="224" type="stmt" count="0"/>
        <metrics loc="225" ncloc="195" classes="1" methods="19" coveredmethods="10" conditionals="0" coveredconditionals="0" statements="59" coveredstatements="42" elements="78" coveredelements="52"/>
      </file>
    </package>
    <package name="Snuggle\Commands\Store">
      <file name="/home/alexey/Dev/Snuggle/Source/Commands/Store/BulkStoreSet.php">
        <class name="Snuggle\Commands\Store\BulkStoreSet" namespace="Snuggle\Commands\Store">
          <metrics complexity="9" methods="6" coveredmethods="5" conditionals="0" coveredconditionals="0" statements="26" coveredstatements="21" elements="32" coveredelements="26"/>
        </class>
        <line num="26" type="method" name="_setup" visibility="protected" complexity="1" crap="1" count="1"/>
        <line num="29" type="stmt" count="1"/>
        <line num="30" type="stmt" count="1"/>
        <line num="31" type="stmt" count="1"/>
        <line num="32" type="stmt" count="1"/>
        <line num="33" type="stmt" count="1"/>
        <line num="34" type="stmt" count="1"/>
        <line num="39" type="method" name="addDocument" visibility="public" complexity="1" crap="1" count="2"/>
        <line num="41" type="stmt" count="2"/>
        <line num="42" type="stmt" count="2"/>
        <line num="43" type="stmt" count="2"/>
        <line num="45" type="method" name="addDocuments" visibility="public" complexity="1" crap="1" count="23"/>
        <line num="47" type="stmt" count="23"/>
        <line num="49" type="stmt" count="23"/>
        <line num="50" type="stmt" count="23"/>
        <line num="51" type="stmt" count="23"/>
        <line num="53" type="method" name="hasPending" visibility="public" complexity="1" crap="1" count="19"/>
        <line num="55" type="stmt" count="19"/>
        <line num="58" type="method" name="removePendingAt" visibility="public" complexity="2" crap="6" count="0"/>
        <line num="60" type="stmt" count="0"/>
        <line num="61" type="stmt" count="0"/>
        <line num="63" type="stmt" count="0"/>
        <line num="64" type="stmt" count="0"/>
        <line num="65" type="stmt" count="0"/>
        <line num="71" type="method" name="addConflict" visibility="public" complexity="3" crap="3" count="19"/>
        <line num="73" type="stmt" count="19"/>
        <line num="74" type="stmt" count="19"/>
        <line num="76" type="stmt" count="19"/>
        <line num="77" type="stmt" count="19"/>
        <line num="79" type="stmt" count="19"/>
        <line num="80" type="stmt" count="19"/>
        <line num="81" type="stmt" count="19"/>
        <metrics loc="81" ncloc="66" classes="1" methods="6" coveredmethods="5" conditionals="0" coveredconditionals="0" statements="26" coveredstatements="21" elements="32" coveredelements="26"/>
      </file>
[...]
          <metrics complexity="0" methods="0" coveredmethods="0" conditionals="0" coveredconditionals="0" statements="0" coveredstatements="0" elements="0" coveredelements="0"/>
        </class>
        <metrics loc="13" ncloc="10" classes="0" methods="0" coveredmethods="0" conditionals="0" coveredconditionals="0" statements="0" coveredstatements="0" elements="0" coveredelements="0"/>
      </file>
      <file name="/home/alexey/Dev/Snuggle/Source/Exceptions/Http/PreconditionFailedException.php">
        <class name="Snuggle\Exceptions\Http\PreconditionFailedException" namespace="Snuggle\Exceptions\Http">
          <metrics complexity="0" methods="0" coveredmethods="0" conditionals="0" coveredconditionals="0" statements="0" coveredstatements="0" elements="0" coveredelements="0"/>
        </class>
        <metrics loc="13" ncloc="10" classes="0" methods="0" coveredmethods="0" conditionals="0" coveredconditionals="0" statements="0" coveredstatements="0" elements="0" coveredelements="0"/>
      </file>
      <file name="/home/alexey/Dev/Snuggle/Source/Exceptions/Http/ServerErrorException.php">
        <class name="Snuggle\Exceptions\Http\ServerErrorException" namespace="Snuggle\Exceptions\Http">
          <metrics complexity="0" methods="0" coveredmethods="0" conditionals="0" coveredconditionals="0" statements="0" coveredstatements="0" elements="0" coveredelements="0"/>
        </class>
        <metrics loc="13" ncloc="10" classes="0" methods="0" coveredmethods="0" conditionals="0" coveredconditionals="0" statements="0" coveredstatements="0" elements="0" coveredelements="0"/>
      </file>
      <file name="/home/alexey/Dev/Snuggle/Source/Exceptions/Http/UnauthorizedException.php">
        <class name="Snuggle\Exceptions\Http\UnauthorizedException" namespace="Snuggle\Exceptions\Http">
          <metrics complexity="0" methods="0" coveredmethods="0" conditionals="0" coveredconditionals="0" statements="0" coveredstatements="0" elements="0" coveredelements="0"/>
        </class>
        <metrics loc="13" ncloc="10" classes="0" methods="0" coveredmethods="0" conditionals="0" coveredconditionals="0" statements="0" coveredstatements="0" elements="0" coveredelements="0"/>
      </file>
      <file name="/home/alexey/Dev/Snuggle/Source/Exceptions/Http/UnexpectedHttpResponseException.php">
        <class name="Snuggle\Exceptions\Http\UnexpectedHttpResponseException" namespace="Snuggle\Exceptions\Http">
          <metrics complexity="0" methods="0" coveredmethods="0" conditionals="0" coveredconditionals="0" statements="0" coveredstatements="0" elements="0" coveredelements="0"/>
        </class>
        <metrics loc="13" ncloc="10" classes="0" methods="0" coveredmethods="0" conditionals="0" coveredconditionals="0" statements="0" coveredstatements="0" elements="0" coveredelements="0"/>
      </file>
    </package>
    <package name="Snuggle\Factories\Commands">
      <file name="/home/alexey/Dev/Snuggle/Source/Factories/Commands/SimpleFactory.php">
        <class name="Snuggle\Factories\Commands\SimpleFactory" namespace="Snuggle\Factories\Commands">
          <metrics complexity="11" methods="11" coveredmethods="8" conditionals="0" coveredconditionals="0" statements="11" coveredstatements="8" elements="22" coveredelements="16"/>
        </class>
        <line num="39" type="method" name="db" visibility="public" complexity="1" crap="1" count="15"/>
        <line num="41" type="stmt" count="15"/>
        <line num="44" type="method" name="direct" visibility="public" complexity="1" crap="2" count="0"/>
        <line num="46" type="stmt" count="0"/>
        <line num="49" type="method" name="server" visibility="public" complexity="1" crap="1" count="6"/>
        <line num="51" type="stmt" count="6"/>
        <line num="54" type="method" name="get" visibility="public" complexity="1" crap="1" count="3"/>
        <line num="56" type="stmt" count="3"/>
        <line num="59" type="method" name="delete" visibility="public" complexity="1" crap="2" count="0"/>
        <line num="61" type="stmt" count="0"/>
        <line num="64" type="method" name="insert" visibility="public" complexity="1" crap="1" count="2"/>
        <line num="66" type="stmt" count="2"/>
        <line num="69" type="method" name="store" visibility="public" complexity="1" crap="1" count="12"/>
        <line num="71" type="stmt" count="12"/>
        <line num="74" type="method" name="getAll" visibility="public" complexity="1" crap="1" count="34"/>
        <line num="76" type="stmt" count="34"/>
        <line num="79" type="method" name="storeAll" visibility="public" complexity="1" crap="1" count="25"/>
        <line num="81" type="stmt" count="25"/>
        <line num="84" type="method" name="insertAll" visibility="public" complexity="1" crap="2" count="0"/>
        <line num="86" type="stmt" count="0"/>
        <line num="89" type="method" name="design" visibility="public" complexity="1" crap="1" count="12"/>
        <line num="91" type="stmt" count="12"/>
        <metrics loc="92" ncloc="92" classes="1" methods="11" coveredmethods="8" conditionals="0" coveredconditionals="0" statements="11" coveredstatements="8" elements="22" coveredelements="16"/>
      </file>
    </package>
    <package name="Snuggle\Factories\Connections">
      <file name="/home/alexey/Dev/Snuggle/Source/Factories/Connections/HttpfullFactory.php">
        <class name="Snuggle\Factories\Connections\HttpfullFactory" namespace="Snuggle\Factories\Connections">
          <metrics complexity="1" methods="1" coveredmethods="1" conditionals="0" coveredconditionals="0" statements="1" coveredstatements="1" elements="2" coveredelements="2"/>
        </class>
        <line num="13" type="method" name="get" visibility="public" complexity="1" crap="1" count="53"/>
        <line num="15" type="stmt" count="53"/>
        <metrics loc="16" ncloc="16" classes="1" methods="1" coveredmethods="1" conditionals="0" coveredconditionals="0" statements="1" coveredstatements="1" elements="2" coveredelements="2"/>
      </file>
    </package>
    <package name="Snuggle\Scripts\Compact">
      <file name="/home/alexey/Dev/Snuggle/Source/Scripts/Compact/CompactDAO.php">
        <class name="Snuggle\Scripts\Compact\CompactDAO" namespace="Snuggle\Scripts\Compact">
          <metrics complexity="8" methods="3" coveredmethods="0" conditionals="0" coveredconditionals="0" statements="24" coveredstatements="0" elements="27" coveredelements="0"/>
        </class>
        <line num="19" type="method" name="__construct" visibility="public" complexity="1" crap="2" count="0"/>
        <line num="21" type="stmt" count="0"/>
        <line num="22" type="stmt" count="0"/>
        <line num="23" type="stmt" count="0"/>
        <line num="26" type="method" name="getDataObject" visibility="public" complexity="4" crap="20" count="0"/>
        <line num="28" type="stmt" count="0"/>
        <line num="30" type="stmt" count="0"/>
        <line num="31" type="stmt" count="0"/>
        <line num="32" type="stmt" count="0"/>
        <line num="33" type="stmt" count="0"/>
        <line num="34" type="stmt" count="0"/>
        <line num="36" type="stmt" count="0"/>
        <line num="37" type="stmt" count="0"/>
        <line num="40" type="stmt" count="0"/>
        <line num="42" type="stmt" count="0"/>
        <line num="45" type="method" name="saveDataObject" visibility="public" complexity="3" crap="12" count="0"/>
        <line num="48" type="stmt" count="0"/>
        <line num="49" type="stmt" count="0"/>
        <line num="52" type="stmt" count="0"/>
        <line num="53" type="stmt" count="0"/>
        <line num="55" type="stmt" count="0"/>
        <line num="56" type="stmt" count="0"/>
        <line num="57" type="stmt" count="0"/>
        <line num="58" type="stmt" count="0"/>
        <line num="59" type="stmt" count="0"/>
        <line num="60" type="stmt" count="0"/>
        <line num="61" type="stmt" count="0"/>
        <metrics loc="61" ncloc="59" classes="1" methods="3" coveredmethods="0" conditionals="0" coveredconditionals="0" statements="24" coveredstatements="0" elements="27" coveredelements="0"/>
      </file>
      <file name="/home/alexey/Dev/Snuggle/Source/Scripts/Compact/DBData.php">
        <class name="Snuggle\Scripts\Compact\DBData" namespace="Snuggle\Scripts\Compact">
          <metrics complexity="11" methods="3" coveredmethods="0" conditionals="0" coveredconditionals="0" statements="17" coveredstatements="0" elements="20" coveredelements="0"/>
        </class>
        <line num="19" type="method" name="_setup" visibility="protected" complexity="1" crap="2" count="0"/>
        <line num="22" type="stmt" count="0"/>
        <line num="23" type="stmt" count="0"/>
        <line num="24" type="stmt" count="0"/>
        <line num="32" type="method" name="getUnloadedDesigns" visibility="public" complexity="4" crap="20" count="0"/>
        <line num="34" type="stmt" count="0"/>
        <line num="36" type="stmt" count="0"/>
        <line num="37" type="stmt" count="0"/>
        <line num="39" type="stmt" count="0"/>
        <line num="41" type="stmt" count="0"/>
        <line num="43" type="stmt" count="0"/>
        <line num="47" type="stmt" count="0"/>
        <line num="50" type="method" name="getUncompacted" visibility="public" complexity="6" crap="42" count="0"/>
        <line num="52" type="stmt" count="0"/>
        <line num="54" type="stmt" count="0"/>
        <line num="55" type="stmt" count="0"/>
        <line num="57" type="stmt" count="0"/>
        <line num="59" type="stmt" count="0"/>
        <line num="61" type="stmt" count="0"/>
        <line num="65" type="stmt" count="0"/>
        <metrics loc="66" ncloc="55" classes="1" methods="3" coveredmethods="0" conditionals="0" coveredconditionals="0" statements="17" coveredstatements="0" elements="20" coveredelements="0"/>
      </file>
      <file name="/home/alexey/Dev/Snuggle/Source/Scripts/Compact/DBNameFilter.php">
        <class name="Snuggle\Scripts\Compact\DBNameFilter" namespace="Snuggle\Scripts\Compact">
          <metrics complexity="14" methods="3" coveredmethods="3" conditionals="0" coveredconditionals="0" statements="27" coveredstatements="27" elements="30" coveredelements="30"/>
        </class>
        <line num="14" type="method" name="sortFilters" visibility="private" complexity="3" crap="3" count="6"/>
        <line num="16" type="stmt" count="6"/>
        <line num="17" type="stmt" count="6"/>
        <line num="19" type="stmt" count="6"/>
        <line num="21" type="stmt" count="6"/>
        <line num="23" type="stmt" count="3"/>
        <line num="27" type="stmt" count="5"/>
        <line num="31" type="stmt" count="6"/>
        <line num="34" type="method" name="isMatching" visibility="private" complexity="7" crap="7" count="5"/>
        <line num="36" type="stmt" count="5"/>
        <line num="38" type="stmt" count="5"/>
        <line num="40" type="stmt" count="4"/>
        <line num="42" type="stmt" count="4"/>
        <line num="44" type="stmt" count="4"/>
        <line num="45" type="stmt" count="4"/>
        <line num="51" type="stmt" count="1"/>
        <line num="54" type="stmt" count="5"/>
        <line num="55" type="stmt" count="2"/>
        <line num="57" type="stmt" count="5"/>
        <line num="59" type="stmt" count="3"/>
        <line num="61" type="stmt" count="3"/>
        <line num="65" type="stmt" count="5"/>
        <line num="69" type="method" name="filter" visibility="public" complexity="4" crap="4" count="7"/>
        <line num="71" type="stmt" count="7"/>
        <line num="73" type="stmt" count="6"/>
        <line num="75" type="stmt" count="6"/>
        <line num="77" type="stmt" count="6"/>
        <line num="79" type="stmt" count="5"/>
        <line num="81" type="stmt" count="5"/>
        <line num="85" type="stmt" count="6"/>
        <metrics loc="86" ncloc="86" classes="1" methods="3" coveredmethods="3" conditionals="0" coveredconditionals="0" statements="27" coveredstatements="27" elements="30" coveredelements="30"/>
      </file>
      <file name="/home/alexey/Dev/Snuggle/Source/Scripts/Compact/DesignData.php">
        <class name="Snuggle\Scripts\Compact\DesignData" namespace="Snuggle\Scripts\Compact">
          <metrics complexity="3" methods="2" coveredmethods="0" conditionals="0" coveredconditionals="0" statements="7" coveredstatements="0" elements="9" coveredelements="0"/>
        </class>
        <line num="22" type="method" name="_setup" visibility="protected" complexity="1" crap="2" count="0"/>
        <line num="25" type="stmt" count="0"/>
        <line num="26" type="stmt" count="0"/>
        <line num="27" type="stmt" count="0"/>
        <line num="28" type="stmt" count="0"/>
        <line num="29" type="stmt" count="0"/>
        <line num="30" type="stmt" count="0"/>
        <line num="35" type="method" name="getDiskToDataRatio" visibility="public" complexity="2" crap="6" count="0"/>
        <line num="37" type="stmt" count="0"/>
        <metrics loc="38" ncloc="27" classes="1" methods="2" coveredmethods="0" conditionals="0" coveredconditionals="0" statements="7" coveredstatements="0" elements="9" coveredelements="0"/>
      </file>
      <file name="/home/alexey/Dev/Snuggle/Source/Scripts/Compact/InstanceData.php">
        <class name="Snuggle\Scripts\Compact\InstanceData" namespace="Snuggle\Scripts\Compact">
          <metrics complexity="8" methods="4" coveredmethods="0" conditionals="0" coveredconditionals="0" statements="18" coveredstatements="0" elements="22" coveredelements="0"/>
        </class>
        <line num="21" type="method" name="_setup" visibility="protected" complexity="1" crap="2" count="0"/>
        <line num="24" type="stmt" count="0"/>
        <line num="25" type="stmt" count="0"/>
        <line num="26" type="stmt" count="0"/>
        <line num="27" type="stmt" count="0"/>
        <line num="28" type="stmt" count="0"/>
        <line num="36" type="method" name="getUnloadedDBs" visibility="public" complexity="3" crap="12" count="0"/>
        <line num="38" type="stmt" count="0"/>
        <line num="40" type="stmt" count="0"/>
        <line num="42" type="stmt" count="0"/>
        <line num="44" type="stmt" count="0"/>
        <line num="48" type="stmt" count="0"/>
        <line num="53" type="method" name="getUnloadedDesigns" visibility="public" complexity="2" crap="6" count="0"/>
        <line num="55" type="stmt" count="0"/>
        <line num="57" type="stmt" count="0"/>
        <line num="59" type="stmt" count="0"/>
        <line num="62" type="stmt" count="0"/>
        <line num="65" type="method" name="getUncompactedDesigns" visibility="public" complexity="2" crap="6" count="0"/>
        <line num="67" type="stmt" count="0"/>
        <line num="69" type="stmt" count="0"/>
        <line num="71" type="stmt" count="0"/>
        <line num="74" type="stmt" count="0"/>
        <metrics loc="75" ncloc="59" classes="1" methods="4" coveredmethods="0" conditionals="0" coveredconditionals="0" statements="18" coveredstatements="0" elements="22" coveredelements="0"/>
      </file>
    </package>
    <package name="Snuggle\Scripts">
      <file name="/home/alexey/Dev/Snuggle/Source/Scripts/Compactor.php">
        <class name="Snuggle\Scripts\Compactor" namespace="Snuggle\Scripts">
          <metrics complexity="18" methods="8" coveredmethods="0" conditionals="0" coveredconditionals="0" statements="65" coveredstatements="0" elements="73" coveredelements="0"/>
        </class>
        <line num="27" type="method" name="loadDBs" visibility="private" complexity="2" crap="6" count="0"/>
        <line num="29" type="stmt" count="0"/>
        <line num="31" type="stmt" count="0"/>
        <line num="32" type="stmt" count="0"/>
        <line num="33" type="stmt" count="0"/>
        <line num="35" type="stmt" count="0"/>
        <line num="37" type="stmt" count="0"/>
        <line num="39" type="stmt" count="0"/>
        <line num="40" type="stmt" count="0"/>
        <line num="41" type="stmt" count="0"/>
        <line num="44" type="stmt" count="0"/>
        <line num="50" type="method" name="loadDB" visibility="private" complexity="2" crap="6" count="0"/>
        <line num="52" type="stmt" count="0"/>
        <line num="54" type="stmt" count="0"/>
        <line num="55" type="stmt" count="0"/>
        <line num="56" type="stmt" count="0"/>
        <line num="58" type="stmt" count="0"/>
        <line num="60" type="stmt" count="0"/>
        <line num="62" type="stmt" count="0"/>
        <line num="64" type="stmt" count="0"/>
        <line num="65" type="stmt" count="0"/>
        <line num="67" type="stmt" count="0"/>
        <line num="69" type="stmt" count="0"/>
        <line num="74" type="method" name="loadDesign" visibility="private" complexity="1" crap="2" count="0"/>
        <line num="76" type="stmt" count="0"/>
        <line num="78" type="stmt" count="0"/>
        <line num="79" type="stmt" count="0"/>
        <line num="80" type="stmt" count="0"/>
        <line num="82" type="stmt" count="0"/>
        <line num="83" type="stmt" count="0"/>
        <line num="84" type="stmt" count="0"/>
        <line num="85" type="stmt" count="0"/>
        <line num="90" type="method" name="compactDesign" visibility="private" complexity="2" crap="6" count="0"/>
        <line num="92" type="stmt" count="0"/>
        <line num="94" type="stmt" count="0"/>
        <line num="95" type="stmt" count="0"/>
        <line num="96" type="stmt" count="0"/>
        <line num="98" type="stmt" count="0"/>
        <line num="99" type="stmt" count="0"/>
        <line num="101" type="stmt" count="0"/>
        <line num="102" type="stmt" count="0"/>
        <line num="103" type="stmt" count="0"/>
        <line num="106" type="method" name="__construct" visibility="public" complexity="1" crap="2" count="0"/>
        <line num="108" type="stmt" count="0"/>
        <line num="109" type="stmt" count="0"/>
        <line num="112" type="method" name="setConnection" visibility="public" complexity="1" crap="2" count="0"/>
        <line num="114" type="stmt" count="0"/>
        <line num="115" type="stmt" count="0"/>
        <line num="116" type="stmt" count="0"/>
        <line num="117" type="stmt" count="0"/>
        <line num="121" type="method" name="setDBFilters" visibility="public" complexity="1" crap="2" count="0"/>
        <line num="123" type="stmt" count="0"/>
        <line num="124" type="stmt" count="0"/>
        <line num="125" type="stmt" count="0"/>
        <line num="133" type="method" name="run" visibility="public" complexity="8" crap="72" count="0"/>
        <line num="135" type="stmt" count="0"/>
        <line num="136" type="stmt" count="0"/>
        <line num="138" type="stmt" count="0"/>
        <line num="140" type="stmt" count="0"/>
        <line num="141" type="stmt" count="0"/>
        <line num="144" type="stmt" count="0"/>
        <line num="145" type="stmt" count="0"/>
        <line num="146" type="stmt" count="0"/>
        <line num="148" type="stmt" count="0"/>
        <line num="150" type="stmt" count="0"/>
        <line num="153" type="stmt" count="0"/>
        <line num="155" type="stmt" count="0"/>
        <line num="158" type="stmt" count="0"/>
        <line num="160" type="stmt" count="0"/>
        <line num="163" type="stmt" count="0"/>
        <line num="165" type="stmt" count="0"/>
        <line num="168" type="stmt" count="0"/>
        <line num="170" type="stmt" count="0"/>
        <metrics loc="171" ncloc="154" classes="1" methods="8" coveredmethods="0" conditionals="0" coveredconditionals="0" statements="65" coveredstatements="0" elements="73" coveredelements="0"/>
      </file>
    </package>
    <metrics files="145" loc="7598" ncloc="6669" classes="84" methods="451" coveredmethods="223" conditionals="0" coveredconditionals="0" statements="1696" coveredstatements="1033" elements="2147" coveredelements="1256"/>
  </project>
</coverage>
